#
# There is insufficient memory for the Java Runtime Environment to continue.
# Native memory allocation (malloc) failed to allocate 563056 bytes for Chunk::new
# Possible reasons:
#   The system is out of physical RAM or swap space
#   The process is running with CompressedOops enabled, and the Java Heap may be blocking the growth of the native heap
# Possible solutions:
#   Reduce memory load on the system
#   Increase physical memory or swap space
#   Check if swap backing store is full
#   Decrease Java heap size (-Xmx/-Xms)
#   Decrease number of Java threads
#   Decrease Java thread stack sizes (-Xss)
#   Set larger code cache with -XX:ReservedCodeCacheSize=
#   JVM is running with Unscaled Compressed Oops mode in which the Java heap is
#     placed in the first 4GB address space. The Java Heap base address is the
#     maximum limit for the native heap growth. Please use -XX:HeapBaseMinAddress
#     to set the Java Heap base and to place the Java Heap above 4GB virtual address.
# This output file may be truncated or incomplete.
#
#  Out of Memory Error (allocation.cpp:389), pid=19328, tid=0x0000000000002b1c
#
# JRE version: OpenJDK Runtime Environment (8.0_242-b01) (build 1.8.0_242-release-1644-b01)
# Java VM: OpenJDK 64-Bit Server VM (25.242-b01 mixed mode windows-amd64 compressed oops)
# Failed to write core dump. Minidumps are not enabled by default on client versions of Windows
#

---------------  T H R E A D  ---------------

Current thread (0x0000000019cad800):  JavaThread "C2 CompilerThread1" daemon [_thread_in_native, id=11036, stack(0x000000001b3f0000,0x000000001b4f0000)]

Stack: [0x000000001b3f0000,0x000000001b4f0000]
[error occurred during error reporting (printing stack bounds), id 0xc0000005]

Native frames: (J=compiled Java code, j=interpreted, Vv=VM code, C=native code)


Current CompileTask:
C2:   4393 4117   !   4       java.util.jar.Attributes::read (380 bytes)


---------------  P R O C E S S  ---------------

Java Threads: ( => current thread )
  0x0000000020df6000 JavaThread "pool-1-thread-1" [_thread_blocked, id=12724, stack(0x000000002a280000,0x000000002a380000)]
  0x0000000020deb800 JavaThread "Cache worker for Build Output Cleanup Cache (C:\Users\pc\Desktop\tai lieu\Thuc Tap Tot Nghiep\Remake\.gradle\buildOutputCleanup)" [_thread_blocked, id=19148, stack(0x0000000029f80000,0x000000002a080000)]
  0x0000000020dee000 JavaThread "jar transforms Thread 94" [_thread_blocked, id=12152, stack(0x0000000029c80000,0x0000000029d80000)]
  0x0000000020ded000 JavaThread "jar transforms Thread 93" [_thread_blocked, id=19112, stack(0x0000000029b80000,0x0000000029c80000)]
  0x0000000020dec800 JavaThread "jar transforms Thread 92" [_thread_blocked, id=15860, stack(0x0000000029a80000,0x0000000029b80000)]
  0x0000000020df1800 JavaThread "jar transforms Thread 91" [_thread_blocked, id=15856, stack(0x0000000029980000,0x0000000029a80000)]
  0x0000000020df1000 JavaThread "jar transforms Thread 90" [_thread_blocked, id=17072, stack(0x0000000029880000,0x0000000029980000)]
  0x0000000020dea000 JavaThread "jar transforms Thread 89" [_thread_blocked, id=11976, stack(0x0000000029780000,0x0000000029880000)]
  0x0000000020de9800 JavaThread "jar transforms Thread 88" [_thread_blocked, id=544, stack(0x0000000029680000,0x0000000029780000)]
  0x0000000020df0000 JavaThread "jar transforms Thread 87" [_thread_blocked, id=11972, stack(0x0000000029580000,0x0000000029680000)]
  0x0000000020def800 JavaThread "jar transforms Thread 86" [_thread_blocked, id=19136, stack(0x0000000029480000,0x0000000029580000)]
  0x0000000020dee800 JavaThread "jar transforms Thread 85" [_thread_blocked, id=20724, stack(0x0000000029380000,0x0000000029480000)]
  0x000000001dc8c800 JavaThread "jar transforms Thread 84" [_thread_blocked, id=18716, stack(0x0000000029280000,0x0000000029380000)]
  0x000000001dc8b800 JavaThread "jar transforms Thread 83" [_thread_blocked, id=20884, stack(0x0000000029180000,0x0000000029280000)]
  0x000000001dc8e800 JavaThread "jar transforms Thread 82" [_thread_blocked, id=14308, stack(0x0000000029080000,0x0000000029180000)]
  0x000000001dc8e000 JavaThread "jar transforms Thread 81" [_thread_blocked, id=6808, stack(0x0000000028f80000,0x0000000029080000)]
  0x000000001dc8d000 JavaThread "jar transforms Thread 80" [_thread_blocked, id=19124, stack(0x0000000028e80000,0x0000000028f80000)]
  0x000000001dc8b000 JavaThread "jar transforms Thread 79" [_thread_blocked, id=16212, stack(0x0000000028d80000,0x0000000028e80000)]
  0x000000001dc83800 JavaThread "jar transforms Thread 78" [_thread_blocked, id=16220, stack(0x0000000028c80000,0x0000000028d80000)]
  0x000000001dc8a000 JavaThread "jar transforms Thread 77" [_thread_blocked, id=20776, stack(0x0000000028b80000,0x0000000028c80000)]
  0x000000001dc89800 JavaThread "jar transforms Thread 76" [_thread_blocked, id=20736, stack(0x0000000028a80000,0x0000000028b80000)]
  0x000000001dc86800 JavaThread "jar transforms Thread 75" [_thread_blocked, id=20324, stack(0x0000000028980000,0x0000000028a80000)]
  0x000000001dc82000 JavaThread "jar transforms Thread 74" [_thread_blocked, id=20336, stack(0x0000000028880000,0x0000000028980000)]
  0x000000001dc88800 JavaThread "jar transforms Thread 73" [_thread_blocked, id=20764, stack(0x0000000028780000,0x0000000028880000)]
  0x000000001dc81000 JavaThread "jar transforms Thread 72" [_thread_blocked, id=20792, stack(0x0000000028680000,0x0000000028780000)]
  0x000000001dc85800 JavaThread "jar transforms Thread 71" [_thread_blocked, id=12772, stack(0x0000000028580000,0x0000000028680000)]
  0x000000001dc85000 JavaThread "jar transforms Thread 70" [_thread_blocked, id=11144, stack(0x0000000028480000,0x0000000028580000)]
  0x000000001dc88000 JavaThread "jar transforms Thread 69" [_thread_blocked, id=1980, stack(0x0000000028380000,0x0000000028480000)]
  0x000000001dc80800 JavaThread "jar transforms Thread 68" [_thread_blocked, id=19212, stack(0x0000000028280000,0x0000000028380000)]
  0x000000001dc84000 JavaThread "jar transforms Thread 67" [_thread_blocked, id=19364, stack(0x0000000028180000,0x0000000028280000)]
  0x000000001dc87000 JavaThread "jar transforms Thread 66" [_thread_blocked, id=17536, stack(0x0000000028080000,0x0000000028180000)]
  0x000000001dc82800 JavaThread "jar transforms Thread 65" [_thread_blocked, id=19280, stack(0x0000000027f80000,0x0000000028080000)]
  0x000000001dc7f800 JavaThread "jar transforms Thread 64" [_thread_blocked, id=18996, stack(0x0000000027e80000,0x0000000027f80000)]
  0x000000001fdd5800 JavaThread "jar transforms Thread 63" [_thread_blocked, id=16816, stack(0x0000000027d80000,0x0000000027e80000)]
  0x000000001fdd5000 JavaThread "jar transforms Thread 62" [_thread_blocked, id=17520, stack(0x0000000027c80000,0x0000000027d80000)]
  0x000000001fdd7000 JavaThread "jar transforms Thread 61" [_thread_blocked, id=16628, stack(0x0000000027b80000,0x0000000027c80000)]
  0x000000001fdd3800 JavaThread "jar transforms Thread 60" [_thread_blocked, id=10896, stack(0x0000000027a80000,0x0000000027b80000)]
  0x000000001fdda000 JavaThread "jar transforms Thread 59" [_thread_blocked, id=20616, stack(0x0000000027980000,0x0000000027a80000)]
  0x000000001fdd9800 JavaThread "jar transforms Thread 58" [_thread_blocked, id=20612, stack(0x0000000027880000,0x0000000027980000)]
  0x000000001fdd8800 JavaThread "jar transforms Thread 57" [_thread_blocked, id=9356, stack(0x0000000027780000,0x0000000027880000)]
  0x000000001fdd6800 JavaThread "jar transforms Thread 56" [_thread_blocked, id=18920, stack(0x0000000027680000,0x0000000027780000)]
  0x000000001fdd8000 JavaThread "jar transforms Thread 55" [_thread_blocked, id=10164, stack(0x0000000027580000,0x0000000027680000)]
  0x000000001fdd4000 JavaThread "jar transforms Thread 54" [_thread_blocked, id=19404, stack(0x0000000027480000,0x0000000027580000)]
  0x000000001fdd2800 JavaThread "jar transforms Thread 53" [_thread_blocked, id=19204, stack(0x0000000027380000,0x0000000027480000)]
  0x000000001fdcb000 JavaThread "jar transforms Thread 52" [_thread_blocked, id=16352, stack(0x0000000027280000,0x0000000027380000)]
  0x000000001fdd2000 JavaThread "jar transforms Thread 51" [_thread_blocked, id=16356, stack(0x0000000027180000,0x0000000027280000)]
  0x000000001fdce000 JavaThread "jar transforms Thread 50" [_thread_blocked, id=20752, stack(0x0000000027080000,0x0000000027180000)]
  0x000000001fdcd800 JavaThread "jar transforms Thread 49" [_thread_blocked, id=7048, stack(0x0000000026f80000,0x0000000027080000)]
  0x000000001fdcf000 JavaThread "jar transforms Thread 48" [_thread_blocked, id=19096, stack(0x0000000026e80000,0x0000000026f80000)]
  0x000000001fdd1000 JavaThread "jar transforms Thread 47" [_thread_blocked, id=8108, stack(0x0000000026d80000,0x0000000026e80000)]
  0x000000001fdcf800 JavaThread "jar transforms Thread 46" [_thread_blocked, id=19160, stack(0x0000000026c80000,0x0000000026d80000)]
  0x000000001fdcc800 JavaThread "jar transforms Thread 45" [_thread_blocked, id=19300, stack(0x0000000026b80000,0x0000000026c80000)]
  0x000000001fdd0800 JavaThread "jar transforms Thread 44" [_thread_blocked, id=14120, stack(0x0000000026a80000,0x0000000026b80000)]
  0x000000001fdcc000 JavaThread "jar transforms Thread 43" [_thread_blocked, id=16168, stack(0x0000000026980000,0x0000000026a80000)]
  0x0000000020f1f800 JavaThread "jar transforms Thread 42" [_thread_blocked, id=20756, stack(0x0000000026880000,0x0000000026980000)]
  0x0000000020f18000 JavaThread "jar transforms Thread 41" [_thread_blocked, id=16176, stack(0x0000000026780000,0x0000000026880000)]
  0x0000000020f19800 JavaThread "jar transforms Thread 40" [_thread_blocked, id=16172, stack(0x0000000026680000,0x0000000026780000)]
  0x0000000020f1e800 JavaThread "jar transforms Thread 39" [_thread_blocked, id=19644, stack(0x0000000026580000,0x0000000026680000)]
  0x0000000020f18800 JavaThread "jar transforms Thread 38" [_thread_blocked, id=20744, stack(0x0000000026480000,0x0000000026580000)]
  0x0000000020f1e000 JavaThread "jar transforms Thread 37" [_thread_blocked, id=20124, stack(0x0000000026380000,0x0000000026480000)]
  0x0000000020f1d000 JavaThread "jar transforms Thread 36" [_thread_blocked, id=19788, stack(0x0000000026280000,0x0000000026380000)]
  0x0000000020f1a000 JavaThread "jar transforms Thread 35" [_thread_blocked, id=19652, stack(0x0000000026180000,0x0000000026280000)]
  0x0000000020f1b800 JavaThread "jar transforms Thread 34" [_thread_blocked, id=14844, stack(0x0000000026080000,0x0000000026180000)]
  0x0000000020f1c800 JavaThread "jar transforms Thread 33" [_thread_blocked, id=11220, stack(0x0000000025f80000,0x0000000026080000)]
  0x0000000020f1b000 JavaThread "jar transforms Thread 32" [_thread_blocked, id=11212, stack(0x0000000025e80000,0x0000000025f80000)]
  0x0000000020f10800 JavaThread "jar transforms Thread 31" [_thread_blocked, id=14660, stack(0x0000000025d80000,0x0000000025e80000)]
  0x0000000020f16800 JavaThread "jar transforms Thread 30" [_thread_blocked, id=18252, stack(0x0000000025c80000,0x0000000025d80000)]
  0x0000000020f14000 JavaThread "jar transforms Thread 29" [_thread_blocked, id=2432, stack(0x0000000025b80000,0x0000000025c80000)]
  0x0000000020f13800 JavaThread "jar transforms Thread 28" [_thread_blocked, id=19308, stack(0x0000000025a80000,0x0000000025b80000)]
  0x0000000020f17000 JavaThread "jar transforms Thread 27" [_thread_blocked, id=19312, stack(0x0000000025980000,0x0000000025a80000)]
  0x0000000020f15800 JavaThread "jar transforms Thread 26" [_thread_blocked, id=15968, stack(0x0000000025880000,0x0000000025980000)]
  0x0000000020f12000 JavaThread "jar transforms Thread 25" [_thread_blocked, id=15972, stack(0x0000000025780000,0x0000000025880000)]
  0x0000000020f11000 JavaThread "jar transforms Thread 24" [_thread_blocked, id=6660, stack(0x0000000025680000,0x0000000025780000)]
  0x0000000020f12800 JavaThread "jar transforms Thread 23" [_thread_blocked, id=1984, stack(0x0000000025580000,0x0000000025680000)]
  0x0000000020f15000 JavaThread "jar transforms Thread 22" [_thread_blocked, id=4780, stack(0x0000000025480000,0x0000000025580000)]
  0x000000001bad5000 JavaThread "jar transforms Thread 21" [_thread_blocked, id=4500, stack(0x0000000025380000,0x0000000025480000)]
  0x000000001bad8000 JavaThread "jar transforms Thread 20" [_thread_blocked, id=19620, stack(0x0000000025280000,0x0000000025380000)]
  0x000000001bada800 JavaThread "jar transforms Thread 19" [_thread_blocked, id=9380, stack(0x0000000025180000,0x0000000025280000)]
  0x000000001bad7800 JavaThread "jar transforms Thread 18" [_thread_blocked, id=20456, stack(0x0000000025080000,0x0000000025180000)]
  0x000000001bad4800 JavaThread "jar transforms Thread 17" [_thread_blocked, id=20156, stack(0x0000000024f80000,0x0000000025080000)]
  0x000000001badb000 JavaThread "jar transforms Thread 16" [_thread_blocked, id=2372, stack(0x0000000024e80000,0x0000000024f80000)]
  0x000000001bad6000 JavaThread "jar transforms Thread 15" [_thread_blocked, id=1680, stack(0x0000000024d80000,0x0000000024e80000)]
  0x000000001bad6800 JavaThread "jar transforms Thread 14" [_thread_blocked, id=2524, stack(0x0000000024c80000,0x0000000024d80000)]
  0x000000001bad9000 JavaThread "jar transforms Thread 13" [_thread_blocked, id=10192, stack(0x0000000024b80000,0x0000000024c80000)]
  0x000000001bad9800 JavaThread "jar transforms Thread 12" [_thread_blocked, id=7652, stack(0x0000000024a80000,0x0000000024b80000)]
  0x000000001d79c000 JavaThread "jar transforms Thread 11" [_thread_blocked, id=6772, stack(0x0000000024980000,0x0000000024a80000)]
  0x000000001d799000 JavaThread "jar transforms Thread 10" [_thread_blocked, id=6872, stack(0x0000000024880000,0x0000000024980000)]
  0x000000001d798800 JavaThread "jar transforms Thread 9" [_thread_blocked, id=3412, stack(0x0000000024780000,0x0000000024880000)]
  0x000000001d79e800 JavaThread "jar transforms Thread 8" [_thread_blocked, id=19820, stack(0x0000000024680000,0x0000000024780000)]
  0x000000001d79b800 JavaThread "jar transforms Thread 7" [_thread_blocked, id=20716, stack(0x0000000024580000,0x0000000024680000)]
  0x000000001d79d800 JavaThread "jar transforms Thread 6" [_thread_blocked, id=20360, stack(0x0000000024480000,0x0000000024580000)]
  0x000000001d79d000 JavaThread "jar transforms Thread 5" [_thread_blocked, id=20356, stack(0x0000000024380000,0x0000000024480000)]
  0x000000001d79f000 JavaThread "jar transforms Thread 4" [_thread_blocked, id=5316, stack(0x0000000024280000,0x0000000024380000)]
  0x000000001d79a000 JavaThread "jar transforms Thread 3" [_thread_blocked, id=20684, stack(0x0000000024180000,0x0000000024280000)]
  0x000000001d79a800 JavaThread "jar transforms Thread 2" [_thread_blocked, id=15784, stack(0x0000000024080000,0x0000000024180000)]
  0x000000001cf09800 JavaThread "Build operations Thread 12" [_thread_blocked, id=10600, stack(0x0000000023f80000,0x0000000024080000)]
  0x000000001cf09000 JavaThread "Build operations Thread 11" [_thread_blocked, id=19552, stack(0x0000000023e80000,0x0000000023f80000)]
  0x000000001cf07800 JavaThread "Build operations Thread 10" [_thread_blocked, id=19492, stack(0x0000000023d80000,0x0000000023e80000)]
  0x000000001cf06800 JavaThread "Build operations Thread 9" [_thread_blocked, id=19488, stack(0x0000000023c80000,0x0000000023d80000)]
  0x000000001cf08000 JavaThread "Build operations Thread 8" [_thread_blocked, id=19548, stack(0x0000000023b80000,0x0000000023c80000)]
  0x000000001cf0a800 JavaThread "Build operations Thread 7" [_thread_blocked, id=19532, stack(0x0000000023a80000,0x0000000023b80000)]
  0x000000001cf05000 JavaThread "Build operations Thread 6" [_thread_blocked, id=19528, stack(0x0000000023880000,0x0000000023980000)]
  0x000000001cf04800 JavaThread "Build operations Thread 5" [_thread_blocked, id=19520, stack(0x0000000023780000,0x0000000023880000)]
  0x000000001cf06000 JavaThread "Build operations Thread 4" [_thread_blocked, id=20652, stack(0x0000000023680000,0x0000000023780000)]
  0x000000001cefd000 JavaThread "Build operations Thread 3" [_thread_blocked, id=19516, stack(0x0000000023580000,0x0000000023680000)]
  0x000000001cf03800 JavaThread "Build operations Thread 2" [_thread_blocked, id=19504, stack(0x0000000023480000,0x0000000023580000)]
  0x000000001cefc000 JavaThread "Build operations" [_thread_blocked, id=19460, stack(0x0000000023110000,0x0000000023210000)]
  0x000000001cefe800 JavaThread "Cache worker for file content cache (C:\Users\pc\.gradle\caches\6.5\fileContent)" [_thread_blocked, id=18820, stack(0x0000000022c10000,0x0000000022d10000)]
  0x000000001cefd800 JavaThread "jar transforms" [_thread_blocked, id=17000, stack(0x0000000022b10000,0x0000000022c10000)]
  0x000000001cefb800 JavaThread "Cache worker for execution history cache (C:\Users\pc\.gradle\caches\6.5\executionHistory)" [_thread_blocked, id=15604, stack(0x0000000022410000,0x0000000022510000)]
  0x000000001ceff000 JavaThread "Cache worker for cache directory md-rule (C:\Users\pc\.gradle\caches\6.5\md-rule)" [_thread_blocked, id=15600, stack(0x0000000022310000,0x0000000022410000)]
  0x000000001d51a800 JavaThread "Cache worker for cache directory md-supplier (C:\Users\pc\.gradle\caches\6.5\md-supplier)" [_thread_blocked, id=20680, stack(0x0000000022210000,0x0000000022310000)]
  0x000000001d519000 JavaThread "Cache worker for checksums cache (C:\Users\pc\Desktop\tai lieu\Thuc Tap Tot Nghiep\Remake\.gradle\checksums)" [_thread_blocked, id=19420, stack(0x0000000021db0000,0x0000000021eb0000)]
  0x000000001d51c000 JavaThread "Cache worker for file hash cache (C:\Users\pc\Desktop\tai lieu\Thuc Tap Tot Nghiep\Remake\.gradle\6.5\fileHashes)" [_thread_blocked, id=17676, stack(0x0000000021f10000,0x0000000022010000)]
  0x000000001d51b800 JavaThread "Cache worker for file hash cache (C:\Users\pc\.gradle\caches\6.5\fileHashes)" [_thread_blocked, id=11176, stack(0x000000001f910000,0x000000001fa10000)]
  0x000000001d51a000 JavaThread "File lock request listener" [_thread_in_native, id=11180, stack(0x000000001f810000,0x000000001f910000)]
  0x000000001bca5800 JavaThread "Cache worker for journal cache (C:\Users\pc\.gradle\caches\journal-1)" [_thread_blocked, id=19748, stack(0x000000001f710000,0x000000001f810000)]
  0x000000001d338800 JavaThread "Thread-9" [_thread_blocked, id=20656, stack(0x000000001f410000,0x000000001f510000)]
  0x000000001bca7800 JavaThread "Stdin handler" [_thread_blocked, id=20108, stack(0x000000001f310000,0x000000001f410000)]
  0x000000001bca7000 JavaThread "Asynchronous log dispatcher for DefaultDaemonConnection: socket connection from /127.0.0.1:56936 to /127.0.0.1:56937" [_thread_blocked, id=20660, stack(0x000000001f210000,0x000000001f310000)]
  0x000000001bbea000 JavaThread "Daemon worker" [_thread_in_Java, id=20636, stack(0x000000001f110000,0x000000001f210000)]
  0x000000001bbe4000 JavaThread "Cancel handler" [_thread_blocked, id=14004, stack(0x000000001f010000,0x000000001f110000)]
  0x000000001ca21000 JavaThread "Handler for socket connection from /127.0.0.1:56936 to /127.0.0.1:56937" [_thread_in_native, id=6436, stack(0x000000001ed10000,0x000000001ee10000)]
  0x000000001ca1d800 JavaThread "Daemon" [_thread_blocked, id=11056, stack(0x000000001ec10000,0x000000001ed10000)]
  0x000000001d476000 JavaThread "Daemon periodic checks" [_thread_blocked, id=18804, stack(0x000000001eb10000,0x000000001ec10000)]
  0x000000001c805800 JavaThread "Incoming local TCP Connector on port 56936" [_thread_in_native, id=18200, stack(0x000000001e8d0000,0x000000001e9d0000)]
  0x0000000019dc2800 JavaThread "Daemon health stats" [_thread_blocked, id=11596, stack(0x000000001e290000,0x000000001e390000)]
  0x0000000019d38000 JavaThread "Service Thread" daemon [_thread_blocked, id=18632, stack(0x000000001b6f0000,0x000000001b7f0000)]
  0x0000000019cb7000 JavaThread "C1 CompilerThread3" daemon [_thread_in_vm, id=18756, stack(0x000000001b5f0000,0x000000001b6f0000)]
  0x0000000019cb3000 JavaThread "C2 CompilerThread2" daemon [_thread_in_native, id=11872, stack(0x000000001b4f0000,0x000000001b5f0000)]
=>0x0000000019cad800 JavaThread "C2 CompilerThread1" daemon [_thread_in_native, id=11036, stack(0x000000001b3f0000,0x000000001b4f0000)]
  0x0000000019ca2800 JavaThread "C2 CompilerThread0" daemon [_thread_in_native, id=20620, stack(0x000000001b2f0000,0x000000001b3f0000)]
  0x0000000019ca1800 JavaThread "Attach Listener" daemon [_thread_blocked, id=15388, stack(0x000000001b1f0000,0x000000001b2f0000)]
  0x00000000185ce000 JavaThread "Signal Dispatcher" daemon [_thread_blocked, id=15384, stack(0x000000001b0f0000,0x000000001b1f0000)]
  0x00000000185c2000 JavaThread "Finalizer" daemon [_thread_blocked, id=20604, stack(0x000000001aef0000,0x000000001aff0000)]
  0x0000000019c93000 JavaThread "Reference Handler" daemon [_thread_blocked, id=11404, stack(0x000000001adf0000,0x000000001aef0000)]
  0x000000000314d800 JavaThread "main" [_thread_blocked, id=12236, stack(0x0000000003150000,0x0000000003250000)]

Other Threads:
  0x00000000185b5000 VMThread [stack: 0x000000001acf0000,0x000000001adf0000] [id=16840]
  0x0000000019d39000 WatcherThread [stack: 0x000000001b7f0000,0x000000001b8f0000] [id=11592]

VM state:not at safepoint (normal execution)

VM Mutex/Monitor currently owned by a thread: None

heap address: 0x0000000080000000, size: 2048 MB, Compressed Oops mode: 32-bit
Narrow klass base: 0x0000000000000000, Narrow klass shift: 3
Compressed class space size: 1073741824 Address: 0x0000000100000000

Heap:
 PSYoungGen      total 66048K, used 40453K [0x00000000d5580000, 0x00000000d9a80000, 0x0000000100000000)
  eden space 61440K, 58% used [0x00000000d5580000,0x00000000d78895f8,0x00000000d9180000)
  from space 4608K, 99% used [0x00000000d9180000,0x00000000d95f8030,0x00000000d9600000)
  to   space 4608K, 0% used [0x00000000d9600000,0x00000000d9600000,0x00000000d9a80000)
 ParOldGen       total 57344K, used 20626K [0x0000000080000000, 0x0000000083800000, 0x00000000d5580000)
  object space 57344K, 35% used [0x0000000080000000,0x0000000081424870,0x0000000083800000)
 Metaspace       used 45547K, capacity 47492K, committed 47784K, reserved 1091584K
  class space    used 6165K, capacity 6546K, committed 6576K, reserved 1048576K

Card table byte_map: [0x0000000012710000,0x0000000012b20000] byte_map_base: 0x0000000012310000

Marking Bits: (ParMarkBitMap*) 0x0000000062faf030
 Begin Bits: [0x00000000137d0000, 0x00000000157d0000)
 End Bits:   [0x00000000157d0000, 0x00000000177d0000)

Polling page: 0x0000000001760000

CodeCache: size=245760Kb used=14087Kb max_used=14098Kb free=231673Kb
 bounds [0x0000000003350000, 0x0000000004120000, 0x0000000012350000]
 total_blobs=4922 nmethods=4182 adapters=653
 compilation: enabled

Compilation events (10 events):
Event: 4.378 Thread 0x0000000019cb7000 4177       3       java.security.Provider$ServiceKey::<init> (8 bytes)
Event: 4.378 Thread 0x0000000019cb7000 nmethod 4177 0x00000000041062d0 code [0x0000000004106440, 0x00000000041065c8]
Event: 4.378 Thread 0x0000000019cb7000 4176       3       java.security.Provider::checkInitialized (16 bytes)
Event: 4.379 Thread 0x0000000019cb7000 nmethod 4176 0x000000000410be50 code [0x000000000410bfc0, 0x000000000410c208]
Event: 4.380 Thread 0x0000000019cb3000 4178   !   4       sun.misc.URLClassPath$JarLoader::getResource (85 bytes)
Event: 4.380 Thread 0x0000000019ca2800 4179       4       sun.security.provider.SHA2::implCompress0 (322 bytes)
Event: 4.383 Thread 0x0000000019cb7000 4183       3       java.util.jar.Manifest::read (328 bytes)
Event: 4.385 Thread 0x0000000019cb7000 nmethod 4183 0x00000000041109d0 code [0x0000000004110d60, 0x00000000041127d8]
Event: 4.387 Thread 0x0000000019ca2800 nmethod 4179 0x0000000004115550 code [0x00000000041156a0, 0x0000000004115d38]
Event: 4.387 Thread 0x0000000019ca2800 4180   !   4       java.util.zip.ZipFile::getEntry (101 bytes)

GC Heap History (10 events):
Event: 2.781 GC heap before
{Heap before GC invocations=9 (full 1):
 PSYoungGen      total 66048K, used 66016K [0x00000000d5580000, 0x00000000d9a80000, 0x0000000100000000)
  eden space 61440K, 100% used [0x00000000d5580000,0x00000000d9180000,0x00000000d9180000)
  from space 4608K, 99% used [0x00000000d9180000,0x00000000d95f8378,0x00000000d9600000)
  to   space 4608K, 0% used [0x00000000d9600000,0x00000000d9600000,0x00000000d9a80000)
 ParOldGen       total 57344K, used 12935K [0x0000000080000000, 0x0000000083800000, 0x00000000d5580000)
  object space 57344K, 22% used [0x0000000080000000,0x0000000080ca1cb0,0x0000000083800000)
 Metaspace       used 32555K, capacity 33524K, committed 33712K, reserved 1079296K
  class space    used 4440K, capacity 4686K, committed 4784K, reserved 1048576K
Event: 2.787 GC heap after
Heap after GC invocations=9 (full 1):
 PSYoungGen      total 66048K, used 4608K [0x00000000d5580000, 0x00000000d9a80000, 0x0000000100000000)
  eden space 61440K, 0% used [0x00000000d5580000,0x00000000d5580000,0x00000000d9180000)
  from space 4608K, 100% used [0x00000000d9600000,0x00000000d9a80000,0x00000000d9a80000)
  to   space 4608K, 0% used [0x00000000d9180000,0x00000000d9180000,0x00000000d9600000)
 ParOldGen       total 57344K, used 17124K [0x0000000080000000, 0x0000000083800000, 0x00000000d5580000)
  object space 57344K, 29% used [0x0000000080000000,0x00000000810b90d8,0x0000000083800000)
 Metaspace       used 32555K, capacity 33524K, committed 33712K, reserved 1079296K
  class space    used 4440K, capacity 4686K, committed 4784K, reserved 1048576K
}
Event: 2.970 GC heap before
{Heap before GC invocations=10 (full 1):
 PSYoungGen      total 66048K, used 39389K [0x00000000d5580000, 0x00000000d9a80000, 0x0000000100000000)
  eden space 61440K, 56% used [0x00000000d5580000,0x00000000d7777468,0x00000000d9180000)
  from space 4608K, 100% used [0x00000000d9600000,0x00000000d9a80000,0x00000000d9a80000)
  to   space 4608K, 0% used [0x00000000d9180000,0x00000000d9180000,0x00000000d9600000)
 ParOldGen       total 57344K, used 17124K [0x0000000080000000, 0x0000000083800000, 0x00000000d5580000)
  object space 57344K, 29% used [0x0000000080000000,0x00000000810b90d8,0x0000000083800000)
 Metaspace       used 34319K, capacity 35404K, committed 35496K, reserved 1079296K
  class space    used 4725K, capacity 5003K, committed 5040K, reserved 1048576K
Event: 2.975 GC heap after
Heap after GC invocations=10 (full 1):
 PSYoungGen      total 66048K, used 4608K [0x00000000d5580000, 0x00000000d9a80000, 0x0000000100000000)
  eden space 61440K, 0% used [0x00000000d5580000,0x00000000d5580000,0x00000000d9180000)
  from space 4608K, 100% used [0x00000000d9180000,0x00000000d9600000,0x00000000d9600000)
  to   space 4608K, 0% used [0x00000000d9600000,0x00000000d9600000,0x00000000d9a80000)
 ParOldGen       total 57344K, used 19646K [0x0000000080000000, 0x0000000083800000, 0x00000000d5580000)
  object space 57344K, 34% used [0x0000000080000000,0x000000008132f990,0x0000000083800000)
 Metaspace       used 34319K, capacity 35404K, committed 35496K, reserved 1079296K
  class space    used 4725K, capacity 5003K, committed 5040K, reserved 1048576K
}
Event: 2.975 GC heap before
{Heap before GC invocations=11 (full 2):
 PSYoungGen      total 66048K, used 4608K [0x00000000d5580000, 0x00000000d9a80000, 0x0000000100000000)
  eden space 61440K, 0% used [0x00000000d5580000,0x00000000d5580000,0x00000000d9180000)
  from space 4608K, 100% used [0x00000000d9180000,0x00000000d9600000,0x00000000d9600000)
  to   space 4608K, 0% used [0x00000000d9600000,0x00000000d9600000,0x00000000d9a80000)
 ParOldGen       total 57344K, used 19646K [0x0000000080000000, 0x0000000083800000, 0x00000000d5580000)
  object space 57344K, 34% used [0x0000000080000000,0x000000008132f990,0x0000000083800000)
 Metaspace       used 34319K, capacity 35404K, committed 35496K, reserved 1079296K
  class space    used 4725K, capacity 5003K, committed 5040K, reserved 1048576K
Event: 3.026 GC heap after
Heap after GC invocations=11 (full 2):
 PSYoungGen      total 66048K, used 0K [0x00000000d5580000, 0x00000000d9a80000, 0x0000000100000000)
  eden space 61440K, 0% used [0x00000000d5580000,0x00000000d5580000,0x00000000d9180000)
  from space 4608K, 0% used [0x00000000d9180000,0x00000000d9180000,0x00000000d9600000)
  to   space 4608K, 0% used [0x00000000d9600000,0x00000000d9600000,0x00000000d9a80000)
 ParOldGen       total 57344K, used 14740K [0x0000000080000000, 0x0000000083800000, 0x00000000d5580000)
  object space 57344K, 25% used [0x0000000080000000,0x0000000080e650b0,0x0000000083800000)
 Metaspace       used 34319K, capacity 35404K, committed 35496K, reserved 1079296K
  class space    used 4725K, capacity 5003K, committed 5040K, reserved 1048576K
}
Event: 3.491 GC heap before
{Heap before GC invocations=12 (full 2):
 PSYoungGen      total 66048K, used 61440K [0x00000000d5580000, 0x00000000d9a80000, 0x0000000100000000)
  eden space 61440K, 100% used [0x00000000d5580000,0x00000000d9180000,0x00000000d9180000)
  from space 4608K, 0% used [0x00000000d9180000,0x00000000d9180000,0x00000000d9600000)
  to   space 4608K, 0% used [0x00000000d9600000,0x00000000d9600000,0x00000000d9a80000)
 ParOldGen       total 57344K, used 14740K [0x0000000080000000, 0x0000000083800000, 0x00000000d5580000)
  object space 57344K, 25% used [0x0000000080000000,0x0000000080e650b0,0x0000000083800000)
 Metaspace       used 36352K, capacity 37964K, committed 38184K, reserved 1081344K
  class space    used 5002K, capacity 5357K, committed 5424K, reserved 1048576K
Event: 3.495 GC heap after
Heap after GC invocations=12 (full 2):
 PSYoungGen      total 66048K, used 4368K [0x00000000d5580000, 0x00000000d9a80000, 0x0000000100000000)
  eden space 61440K, 0% used [0x00000000d5580000,0x00000000d5580000,0x00000000d9180000)
  from space 4608K, 94% used [0x00000000d9600000,0x00000000d9a44340,0x00000000d9a80000)
  to   space 4608K, 0% used [0x00000000d9180000,0x00000000d9180000,0x00000000d9600000)
 ParOldGen       total 57344K, used 14748K [0x0000000080000000, 0x0000000083800000, 0x00000000d5580000)
  object space 57344K, 25% used [0x0000000080000000,0x0000000080e670b0,0x0000000083800000)
 Metaspace       used 36352K, capacity 37964K, committed 38184K, reserved 1081344K
  class space    used 5002K, capacity 5357K, committed 5424K, reserved 1048576K
}
Event: 4.118 GC heap before
{Heap before GC invocations=13 (full 2):
 PSYoungGen      total 66048K, used 65808K [0x00000000d5580000, 0x00000000d9a80000, 0x0000000100000000)
  eden space 61440K, 100% used [0x00000000d5580000,0x00000000d9180000,0x00000000d9180000)
  from space 4608K, 94% used [0x00000000d9600000,0x00000000d9a44340,0x00000000d9a80000)
  to   space 4608K, 0% used [0x00000000d9180000,0x00000000d9180000,0x00000000d9600000)
 ParOldGen       total 57344K, used 14748K [0x0000000080000000, 0x0000000083800000, 0x00000000d5580000)
  object space 57344K, 25% used [0x0000000080000000,0x0000000080e670b0,0x0000000083800000)
 Metaspace       used 42546K, capacity 44418K, committed 44584K, reserved 1087488K
  class space    used 5823K, capacity 6175K, committed 6192K, reserved 1048576K
Event: 4.125 GC heap after
Heap after GC invocations=13 (full 2):
 PSYoungGen      total 66048K, used 4576K [0x00000000d5580000, 0x00000000d9a80000, 0x0000000100000000)
  eden space 61440K, 0% used [0x00000000d5580000,0x00000000d5580000,0x00000000d9180000)
  from space 4608K, 99% used [0x00000000d9180000,0x00000000d95f8030,0x00000000d9600000)
  to   space 4608K, 0% used [0x00000000d9600000,0x00000000d9600000,0x00000000d9a80000)
 ParOldGen       total 57344K, used 20626K [0x0000000080000000, 0x0000000083800000, 0x00000000d5580000)
  object space 57344K, 35% used [0x0000000080000000,0x0000000081424870,0x0000000083800000)
 Metaspace       used 42546K, capacity 44418K, committed 44584K, reserved 1087488K
  class space    used 5823K, capacity 6175K, committed 6192K, reserved 1048576K
}

Deoptimization events (10 events):
Event: 4.315 Thread 0x000000001bbea000 Uncommon trap: reason=unstable_if action=reinterpret pc=0x0000000003ff25c4 method=java.lang.ThreadLocal.get()Ljava/lang/Object; @ 11
Event: 4.350 Thread 0x000000001bbea000 Uncommon trap: reason=unstable_if action=reinterpret pc=0x0000000003801f7c method=java.lang.CharacterDataLatin1.isWhitespace(I)Z @ 14
Event: 4.377 Thread 0x000000001bbea000 Uncommon trap: reason=unstable_if action=reinterpret pc=0x0000000003e7d880 method=java.util.jar.JarFile.maybeInstantiateVerifier()V @ 4
Event: 4.378 Thread 0x000000001bbea000 Uncommon trap: reason=predicate action=maybe_recompile pc=0x0000000003d99e94 method=sun.misc.Resource.getBytes()[B @ 53
Event: 4.379 Thread 0x000000001bbea000 Uncommon trap: reason=unstable_if action=reinterpret pc=0x0000000003e7e670 method=java.util.jar.JarFile.maybeInstantiateVerifier()V @ 4
Event: 4.379 Thread 0x000000001bbea000 Uncommon trap: reason=unstable_if action=reinterpret pc=0x0000000003da09f0 method=java.security.CodeSource.<init>(Ljava/net/URL;[Ljava/security/CodeSigner;)V @ 25
Event: 4.379 Thread 0x000000001bbea000 Uncommon trap: reason=unstable_if action=reinterpret pc=0x0000000003914dec method=java.security.CodeSource.getCertificates()[Ljava/security/cert/Certificate; @ 22
Event: 4.380 Thread 0x000000001bbea000 Uncommon trap: reason=unstable_if action=reinterpret pc=0x000000000386f5f0 method=java.util.jar.JarFile.maybeInstantiateVerifier()V @ 4
Event: 4.380 Thread 0x000000001bbea000 Uncommon trap: reason=unstable_if action=reinterpret pc=0x0000000003d74b84 method=java.util.jar.JarFile.maybeInstantiateVerifier()V @ 4
Event: 4.380 Thread 0x000000001bbea000 Uncommon trap: reason=unstable_if action=reinterpret pc=0x0000000003da5d00 method=java.security.CodeSource.matchCerts(Ljava/security/CodeSource;Z)Z @ 11

Classes redefined (0 events):
No events

Internal exceptions (10 events):
Event: 3.675 Thread 0x000000001d338800 Exception <a 'java/lang/NoSuchMethodError': <clinit>> (0x00000000d6619818) thrown at [C:\src\AOSP-openjdk-git\hotspot\src\share\vm\prims\jni.cpp, line 1615]
Event: 3.676 Thread 0x000000001d338800 Exception <a 'java/lang/NoSuchMethodError': <clinit>> (0x00000000d662cc18) thrown at [C:\src\AOSP-openjdk-git\hotspot\src\share\vm\prims\jni.cpp, line 1615]
Event: 3.686 Thread 0x000000001bbea000 Exception <a 'java/lang/ClassNotFoundException': build_7qx56lr38sbzv92xexsla886oBeanInfo> (0x00000000d65ee838) thrown at [C:\src\AOSP-openjdk-git\hotspot\src\share\vm\classfile\systemDictionary.cpp, line 210]
Event: 3.686 Thread 0x000000001bbea000 Exception <a 'java/lang/ClassNotFoundException': build_7qx56lr38sbzv92xexsla886oCustomizer> (0x00000000d65fa478) thrown at [C:\src\AOSP-openjdk-git\hotspot\src\share\vm\classfile\systemDictionary.cpp, line 210]
Event: 3.691 Thread 0x000000001bbea000 Exception <a 'java/lang/ClassNotFoundException': org/gradle/plugin/use/internal/PluginRequestCollector$PluginDependenciesSpecImplBeanInfo> (0x00000000d66dbd88) thrown at [C:\src\AOSP-openjdk-git\hotspot\src\share\vm\classfile\systemDictionary.cpp, line 21
Event: 3.692 Thread 0x000000001bbea000 Exception <a 'java/lang/ClassNotFoundException': org/gradle/plugin/use/internal/PluginRequestCollector$PluginDependenciesSpecImplCustomizer> (0x00000000d671bcc8) thrown at [C:\src\AOSP-openjdk-git\hotspot\src\share\vm\classfile\systemDictionary.cpp, line 
Event: 3.717 Thread 0x000000001bbea000 Exception <a 'java/lang/ClassNotFoundException': org/gradle/api/internal/plugins/DefaultObjectConfigurationActionBeanInfo> (0x00000000d6a2c3a0) thrown at [C:\src\AOSP-openjdk-git\hotspot\src\share\vm\classfile\systemDictionary.cpp, line 210]
Event: 3.717 Thread 0x000000001bbea000 Exception <a 'java/lang/ClassNotFoundException': org/gradle/api/internal/plugins/DefaultObjectConfigurationActionCustomizer> (0x00000000d6a70b20) thrown at [C:\src\AOSP-openjdk-git\hotspot\src\share\vm\classfile\systemDictionary.cpp, line 210]
Event: 3.956 Thread 0x000000001bbea000 Exception <a 'sun/nio/fs/WindowsException'> (0x00000000d8288110) thrown at [C:\src\AOSP-openjdk-git\hotspot\src\share\vm\prims\jni.cpp, line 710]
Event: 4.315 Thread 0x000000001bbea000 Implicit null exception at 0x0000000003ff2068 to 0x0000000003ff25ad

Events (10 events):
Event: 4.392 Thread 0x000000001bbea000 DEOPT PACKING pc=0x00000000040d3349 sp=0x000000001f2062b0
Event: 4.392 Thread 0x000000001bbea000 DEOPT UNPACKING pc=0x00000000033971d0 sp=0x000000001f205fb0 mode 0
Event: 4.392 Thread 0x000000001bbea000 DEOPT PACKING pc=0x00000000040d3349 sp=0x000000001f2062b0
Event: 4.392 Thread 0x000000001bbea000 DEOPT UNPACKING pc=0x00000000033971d0 sp=0x000000001f205fb0 mode 0
Event: 4.392 Thread 0x000000001bbea000 DEOPT PACKING pc=0x00000000040d3349 sp=0x000000001f2062b0
Event: 4.392 Thread 0x000000001bbea000 DEOPT UNPACKING pc=0x00000000033971d0 sp=0x000000001f205fb0 mode 0
Event: 4.392 Thread 0x000000001bbea000 DEOPT PACKING pc=0x00000000040d3349 sp=0x000000001f2062b0
Event: 4.392 Thread 0x000000001bbea000 DEOPT UNPACKING pc=0x00000000033971d0 sp=0x000000001f205fb0 mode 0
Event: 4.392 Thread 0x000000001bbea000 DEOPT PACKING pc=0x00000000040d3349 sp=0x000000001f2062b0
Event: 4.392 Thread 0x000000001bbea000 DEOPT UNPACKING pc=0x00000000033971d0 sp=0x000000001f205fb0 mode 0


Dynamic libraries:
0x00007ff7a2eb0000 - 0x00007ff7a2ee1000 	C:\Program Files\Android\Android Studio\jre\bin\java.exe
0x00007fffd7150000 - 0x00007fffd7346000 	C:\Windows\SYSTEM32\ntdll.dll
0x00007fffd69f0000 - 0x00007fffd6aad000 	C:\Windows\System32\KERNEL32.DLL
0x00007fffd4990000 - 0x00007fffd4c59000 	C:\Windows\System32\KERNELBASE.dll
0x00007fffd6b50000 - 0x00007fffd6bfc000 	C:\Windows\System32\ADVAPI32.dll
0x00007fffd61e0000 - 0x00007fffd627e000 	C:\Windows\System32\msvcrt.dll
0x00007fffd5350000 - 0x00007fffd53ec000 	C:\Windows\System32\sechost.dll
0x00007fffd6000000 - 0x00007fffd612b000 	C:\Windows\System32\RPCRT4.dll
0x00007fffd53f0000 - 0x00007fffd5590000 	C:\Windows\System32\USER32.dll
0x00007fffd4f80000 - 0x00007fffd4fa2000 	C:\Windows\System32\win32u.dll
0x00007fffd6b20000 - 0x00007fffd6b4a000 	C:\Windows\System32\GDI32.dll
0x00007fffd4c60000 - 0x00007fffd4d69000 	C:\Windows\System32\gdi32full.dll
0x00007fffd5110000 - 0x00007fffd51ad000 	C:\Windows\System32\msvcp_win.dll
0x00007fffd4e80000 - 0x00007fffd4f80000 	C:\Windows\System32\ucrtbase.dll
0x00007fffc70d0000 - 0x00007fffc736b000 	C:\Windows\WinSxS\amd64_microsoft.windows.common-controls_6595b64144ccf1df_6.0.19041.488_none_ca04af081b815d21\COMCTL32.dll
0x00007fffd6130000 - 0x00007fffd6160000 	C:\Windows\System32\IMM32.DLL
0x0000000064330000 - 0x0000000064402000 	C:\Program Files\Android\Android Studio\jre\jre\bin\msvcr100.dll
0x00000000627e0000 - 0x000000006302b000 	C:\Program Files\Android\Android Studio\jre\jre\bin\server\jvm.dll
0x00007fffd6570000 - 0x00007fffd6578000 	C:\Windows\System32\PSAPI.DLL
0x00007fffcdee0000 - 0x00007fffcdee9000 	C:\Windows\SYSTEM32\WSOCK32.dll
0x00007fffcc120000 - 0x00007fffcc147000 	C:\Windows\SYSTEM32\WINMM.dll
0x00007fffcce90000 - 0x00007fffcce9a000 	C:\Windows\SYSTEM32\VERSION.dll
0x00007fffd6ab0000 - 0x00007fffd6b1b000 	C:\Windows\System32\WS2_32.dll
0x00007fffcded0000 - 0x00007fffcdedf000 	C:\Program Files\Android\Android Studio\jre\jre\bin\verify.dll
0x00007fffcd4b0000 - 0x00007fffcd4d9000 	C:\Program Files\Android\Android Studio\jre\jre\bin\java.dll
0x00007fffcd490000 - 0x00007fffcd4a6000 	C:\Program Files\Android\Android Studio\jre\jre\bin\zip.dll
0x00007fffd55b0000 - 0x00007fffd5cf2000 	C:\Windows\System32\SHELL32.dll
0x00007fffd29c0000 - 0x00007fffd3155000 	C:\Windows\SYSTEM32\windows.storage.dll
0x00007fffd6db0000 - 0x00007fffd7106000 	C:\Windows\System32\combase.dll
0x00007fffd4300000 - 0x00007fffd432c000 	C:\Windows\SYSTEM32\Wldp.dll
0x00007fffd63b0000 - 0x00007fffd645e000 	C:\Windows\System32\SHCORE.dll
0x00007fffd5f10000 - 0x00007fffd5f65000 	C:\Windows\System32\shlwapi.dll
0x00007fffd47c0000 - 0x00007fffd47e6000 	C:\Windows\SYSTEM32\profapi.dll
0x00007fffcd470000 - 0x00007fffcd48a000 	C:\Program Files\Android\Android Studio\jre\jre\bin\net.dll
0x00007fffd4080000 - 0x00007fffd40ea000 	C:\Windows\system32\mswsock.dll
0x00007fffcd450000 - 0x00007fffcd463000 	C:\Program Files\Android\Android Studio\jre\jre\bin\nio.dll
0x00007fffc5a40000 - 0x00007fffc5a67000 	C:\Users\pc\.gradle\native\f6784746aeab05261644944871eae4fe03e0ef1612fff0a4a95f87b438bc6780\windows-amd64\native-platform.dll
0x00007fffcd440000 - 0x00007fffcd44d000 	C:\Program Files\Android\Android Studio\jre\jre\bin\management.dll
0x00007fffd4260000 - 0x00007fffd4278000 	C:\Windows\SYSTEM32\CRYPTSP.dll
0x00007fffd39a0000 - 0x00007fffd39d4000 	C:\Windows\system32\rsaenh.dll
0x00007fffd4910000 - 0x00007fffd4937000 	C:\Windows\System32\bcrypt.dll
0x00007fffd4780000 - 0x00007fffd47ae000 	C:\Windows\SYSTEM32\USERENV.dll
0x00007fffd4890000 - 0x00007fffd4910000 	C:\Windows\System32\bcryptprimitives.dll
0x00007fffd4250000 - 0x00007fffd425c000 	C:\Windows\SYSTEM32\CRYPTBASE.dll
0x00007fffd3d20000 - 0x00007fffd3d5b000 	C:\Windows\SYSTEM32\IPHLPAPI.DLL
0x00007fffd5340000 - 0x00007fffd5348000 	C:\Windows\System32\NSI.dll
0x00007fffcd1f0000 - 0x00007fffcd207000 	C:\Windows\SYSTEM32\dhcpcsvc6.DLL
0x00007fffcd180000 - 0x00007fffcd19d000 	C:\Windows\SYSTEM32\dhcpcsvc.DLL
0x00007fffd3d60000 - 0x00007fffd3e2b000 	C:\Windows\SYSTEM32\DNSAPI.dll
0x00007fffcd210000 - 0x00007fffcd21b000 	C:\Windows\SYSTEM32\WINNSI.DLL

VM Arguments:
jvm_args: -Xmx2048m -Dfile.encoding=UTF-8 -Duser.country=US -Duser.language=en -Duser.variant 
java_command: org.gradle.launcher.daemon.bootstrap.GradleDaemon 6.5
java_class_path (initial): C:\Users\pc\.gradle\wrapper\dists\gradle-6.5-bin\6nifqtx7604sqp1q6g8wikw7p\gradle-6.5\lib\gradle-launcher-6.5.jar
Launcher Type: SUN_STANDARD

Environment Variables:
PATH=C:\Program Files\Common Files\Oracle\Java\javapath;C:\Windows\system32;C:\Windows;C:\Windows\System32\Wbem;C:\Windows\System32\WindowsPowerShell\v1.0\;C:\Windows\System32\OpenSSH\;C:\Program Files (x86)\NVIDIA Corporation\PhysX\Common;C:\Program Files\NVIDIA Corporation\NVIDIA NvDLISR;C:\Users\pc\AppData\Local\Microsoft\WindowsApps;
USERNAME=pc
OS=Windows_NT
PROCESSOR_IDENTIFIER=AMD64 Family 23 Model 96 Stepping 1, AuthenticAMD



---------------  S Y S T E M  ---------------

OS: Windows 10.0 , 64 bit Build 19041 (10.0.19041.662)

CPU:total 12 (initial active 12) (12 cores per cpu, 1 threads per core) family 23 model 96 stepping 1, cmov, cx8, fxsr, mmx, sse, sse2, sse3, ssse3, sse4.1, sse4.2, popcnt, avx, avx2, aes, clmul, mmxext, 3dnowpref, lzcnt, sse4a, tsc, tscinvbit, tscinv, bmi1

Memory: 4k page, physical 7730500k(146756k free), swap 30871232k(5332k free)

vm_info: OpenJDK 64-Bit Server VM (25.242-b01) for windows-amd64 JRE (1.8.0_242-release-1644-b01), built by "builder" with MS VC++ 10.0 (VS2010)

time: Fri Jan 15 16:35:40 2021
timezone: SE Asia Standard Time
elapsed time: 4 seconds (0d 0h 0m 4s)

